<?xml version="1.0" encoding="UTF-8"?>
<!-- Generated by org.testng.reporters.JUnitReportReporter -->
<testsuite hostname="hms-update4" name="hms.hotelogix.registration.Testpage.SpanishPage" tests="2" failures="0" timestamp="30 Oct 2017 04:25:28 GMT" time="312.828" errors="0">
  <testcase name="fn_WittyWizardPages" time="230.474" classname="hms.hotelogix.registration.Testpage.SpanishPage"/>
  <testcase name="fn_HotelRegister" time="82.354" classname="hms.hotelogix.registration.Testpage.SpanishPage"/>
</testsuite> <!-- hms.hotelogix.registration.Testpage.SpanishPage -->
