<?xml version="1.0" encoding="UTF-8"?>
<!-- Generated by org.testng.reporters.JUnitReportReporter -->
<testsuite hostname="hms-update4" name="hms.hotelogix.registration.Testpage.PortuguesePage" tests="2" failures="0" timestamp="30 Sep 2017 14:19:41 GMT" time="159.304" errors="0">
  <testcase name="fn_HotelRegister" time="89.156" classname="hms.hotelogix.registration.Testpage.PortuguesePage"/>
  <testcase name="fn_WittyWizardPages" time="70.148" classname="hms.hotelogix.registration.Testpage.PortuguesePage"/>
</testsuite> <!-- hms.hotelogix.registration.Testpage.PortuguesePage -->
