<?xml version="1.0" encoding="UTF-8"?>
<!-- Generated by org.testng.reporters.JUnitReportReporter -->
<testsuite hostname="hms-PCdin" name="hms.hotelogix.registration.Testpage.Test1" tests="1" failures="0" timestamp="8 Nov 2016 07:18:01 GMT" time="0.010" errors="0">
  <testcase name="fn_Test1" time="0.010" classname="hms.hotelogix.registration.Testpage.Test1"/>
</testsuite> <!-- hms.hotelogix.registration.Testpage.Test1 -->
