<?xml version="1.0" encoding="UTF-8"?>
<!-- Generated by org.testng.reporters.JUnitReportReporter -->
<testsuite hostname="HMS-Harish-QA" name="hms.hotelogix.registration.GenericClass.Test" tests="3" failures="0" timestamp="3 Dec 2018 13:36:57 GMT" time="12.528" errors="0">
  <testcase name="fn_Test" time="4.123" classname="hms.hotelogix.registration.GenericClass.Test"/>
  <testcase name="fn_Test" time="4.292" classname="hms.hotelogix.registration.GenericClass.Test"/>
  <testcase name="fn_Test" time="4.113" classname="hms.hotelogix.registration.GenericClass.Test"/>
</testsuite> <!-- hms.hotelogix.registration.GenericClass.Test -->
