<?xml version="1.0" encoding="UTF-8"?>
<!-- Generated by org.testng.reporters.JUnitReportReporter -->
<testsuite hostname="HMS-Harish-QA" name="hms.hotelogix.registration.Testpage.EnglishPage" tests="3" failures="0" timestamp="24 Aug 2018 05:47:22 GMT" time="211.678" errors="0">
  <testcase name="fn_HotelRegister" time="73.087" classname="hms.hotelogix.registration.Testpage.EnglishPage"/>
  <testcase name="launchHotelogixDotCom" time="25.736" classname="hms.hotelogix.registration.Testpage.EnglishPage"/>
  <testcase name="fn_WittyWizardPages" time="112.855" classname="hms.hotelogix.registration.Testpage.EnglishPage"/>
</testsuite> <!-- hms.hotelogix.registration.Testpage.EnglishPage -->
