<?xml version="1.0" encoding="UTF-8"?>
<!-- Generated by org.testng.reporters.JUnitReportReporter -->
<testsuite hostname="hms-update4" name="hms.hotelogix.registration.Testpage.SpanishPage" tests="2" failures="0" timestamp="28 Nov 2017 04:54:09 GMT" time="289.858" errors="0">
  <testcase name="fn_HotelRegister" time="59.351" classname="hms.hotelogix.registration.Testpage.SpanishPage"/>
  <testcase name="fn_WittyWizardPages" time="230.507" classname="hms.hotelogix.registration.Testpage.SpanishPage"/>
</testsuite> <!-- hms.hotelogix.registration.Testpage.SpanishPage -->
